0 info it worked if it ends with ok
1 verbose cli [ '/usr/local/bin/node',
1 verbose cli   '/usr/local/bin/npm',
1 verbose cli   'run',
1 verbose cli   'start-dev' ]
2 info using npm@4.1.2
3 info using node@v6.7.0
4 verbose run-script [ 'prestart-dev', 'start-dev', 'poststart-dev' ]
5 info lifecycle homefilming@0.0.1~prestart-dev: homefilming@0.0.1
6 silly lifecycle homefilming@0.0.1~prestart-dev: no script for prestart-dev, continuing
7 info lifecycle homefilming@0.0.1~start-dev: homefilming@0.0.1
8 verbose lifecycle homefilming@0.0.1~start-dev: unsafe-perm in lifecycle true
9 verbose lifecycle homefilming@0.0.1~start-dev: PATH: /usr/local/lib/node_modules/npm/bin/node-gyp-bin:/Users/derekrush/sites/homefilming/node_modules/.bin:/Users/derekrush/.yarn/bin:/Users/derekrush/.rvm/gems/ruby-2.3.1/bin:/Users/derekrush/.rvm/gems/ruby-2.3.1@global/bin:/Users/derekrush/.rvm/rubies/ruby-2.3.1/bin:/usr/local/bin:/usr/bin:/bin:/usr/sbin:/sbin:/usr/local/go/bin:/Applications/Postgres.app/Contents/Versions/9.6/bin:/Users/derekrush/.rvm/bin
10 verbose lifecycle homefilming@0.0.1~start-dev: CWD: /Users/derekrush/sites/homefilming
11 silly lifecycle homefilming@0.0.1~start-dev: Args: [ '-c', 'webpack-dev-server --port 5000' ]
12 silly lifecycle homefilming@0.0.1~start-dev: Returned: code: 1  signal: null
13 info lifecycle homefilming@0.0.1~start-dev: Failed to exec start-dev script
14 verbose stack Error: homefilming@0.0.1 start-dev: `webpack-dev-server --port 5000`
14 verbose stack Exit status 1
14 verbose stack     at EventEmitter.<anonymous> (/usr/local/lib/node_modules/npm/lib/utils/lifecycle.js:279:16)
14 verbose stack     at emitTwo (events.js:106:13)
14 verbose stack     at EventEmitter.emit (events.js:191:7)
14 verbose stack     at ChildProcess.<anonymous> (/usr/local/lib/node_modules/npm/lib/utils/spawn.js:40:14)
14 verbose stack     at emitTwo (events.js:106:13)
14 verbose stack     at ChildProcess.emit (events.js:191:7)
14 verbose stack     at maybeClose (internal/child_process.js:877:16)
14 verbose stack     at Process.ChildProcess._handle.onexit (internal/child_process.js:226:5)
15 verbose pkgid homefilming@0.0.1
16 verbose cwd /Users/derekrush/sites/homefilming/server/db
17 error Darwin 16.5.0
18 error argv "/usr/local/bin/node" "/usr/local/bin/npm" "run" "start-dev"
19 error node v6.7.0
20 error npm  v4.1.2
21 error code ELIFECYCLE
22 error homefilming@0.0.1 start-dev: `webpack-dev-server --port 5000`
22 error Exit status 1
23 error Failed at the homefilming@0.0.1 start-dev script 'webpack-dev-server --port 5000'.
23 error Make sure you have the latest version of node.js and npm installed.
23 error If you do, this is most likely a problem with the homefilming package,
23 error not with npm itself.
23 error Tell the author that this fails on your system:
23 error     webpack-dev-server --port 5000
23 error You can get information on how to open an issue for this project with:
23 error     npm bugs homefilming
23 error Or if that isn't available, you can get their info via:
23 error     npm owner ls homefilming
23 error There is likely additional logging output above.
24 verbose exit [ 1, true ]
