0 info it worked if it ends with ok
1 verbose cli [ '/usr/local/bin/node', '/usr/local/bin/npm', 'run', 'start' ]
2 info using npm@4.1.2
3 info using node@v6.7.0
4 verbose run-script [ 'prestart', 'start', 'poststart' ]
5 info lifecycle homefilming@0.0.1~prestart: homefilming@0.0.1
6 silly lifecycle homefilming@0.0.1~prestart: no script for prestart, continuing
7 info lifecycle homefilming@0.0.1~start: homefilming@0.0.1
8 verbose lifecycle homefilming@0.0.1~start: unsafe-perm in lifecycle true
9 verbose lifecycle homefilming@0.0.1~start: PATH: /usr/local/lib/node_modules/npm/bin/node-gyp-bin:/Users/derekrush/sites/homefilming/node_modules/.bin:/Users/derekrush/.rvm/gems/ruby-2.3.1/bin:/Users/derekrush/.rvm/gems/ruby-2.3.1@global/bin:/Users/derekrush/.rvm/rubies/ruby-2.3.1/bin:/usr/local/bin:/usr/bin:/bin:/usr/sbin:/sbin:/usr/local/go/bin:/Applications/Postgres.app/Contents/Versions/9.6/bin:/Users/derekrush/.rvm/bin
10 verbose lifecycle homefilming@0.0.1~start: CWD: /Users/derekrush/sites/homefilming
11 silly lifecycle homefilming@0.0.1~start: Args: [ '-c', 'index.js --ignore client --exec babel-node' ]
12 info lifecycle homefilming@0.0.1~start: Failed to exec start script
13 verbose stack Error: homefilming@0.0.1 start: `index.js --ignore client --exec babel-node`
13 verbose stack spawn ENOENT
13 verbose stack     at ChildProcess.<anonymous> (/usr/local/lib/node_modules/npm/lib/utils/spawn.js:33:16)
13 verbose stack     at emitTwo (events.js:106:13)
13 verbose stack     at ChildProcess.emit (events.js:191:7)
13 verbose stack     at maybeClose (internal/child_process.js:877:16)
13 verbose stack     at Process.ChildProcess._handle.onexit (internal/child_process.js:226:5)
14 verbose pkgid homefilming@0.0.1
15 verbose cwd /Users/derekrush/sites/homefilming
16 error Darwin 16.4.0
17 error argv "/usr/local/bin/node" "/usr/local/bin/npm" "run" "start"
18 error node v6.7.0
19 error npm  v4.1.2
20 error file sh
21 error code ELIFECYCLE
22 error errno ENOENT
23 error syscall spawn
24 error homefilming@0.0.1 start: `index.js --ignore client --exec babel-node`
24 error spawn ENOENT
25 error Failed at the homefilming@0.0.1 start script 'index.js --ignore client --exec babel-node'.
25 error Make sure you have the latest version of node.js and npm installed.
25 error If you do, this is most likely a problem with the homefilming package,
25 error not with npm itself.
25 error Tell the author that this fails on your system:
25 error     index.js --ignore client --exec babel-node
25 error You can get information on how to open an issue for this project with:
25 error     npm bugs homefilming
25 error Or if that isn't available, you can get their info via:
25 error     npm owner ls homefilming
25 error There is likely additional logging output above.
26 verbose exit [ 1, true ]
